<?xml version="1.0" encoding="UTF-8"?>
<!-- Generated by org.testng.reporters.JUnitReportReporter -->
<testsuite skipped="0" hostname="LAPTOP-I5MPUN7Q" name="connection.Database" tests="1" failures="0" timestamp="2022-11-17T11:29:07 IST" time="0.525" errors="0">
  <testcase name="test" time="0.525" classname="connection.Database"/>
  <system-out/>
</testsuite> <!-- connection.Database -->
