<?xml version="1.0" encoding="UTF-8"?>
<!-- Generated by org.testng.reporters.JUnitReportReporter -->
<testsuite skipped="0" hostname="LAPTOP-I5MPUN7Q" name="connection.Database_Full_Table" tests="1" failures="0" timestamp="2022-11-25T10:36:30 IST" time="1.819" errors="0">
  <testcase name="test" time="1.819" classname="connection.Database_Full_Table"/>
  <system-out/>
</testsuite> <!-- connection.Database_Full_Table -->
